<!DOCTYPE html>
<html>
<head>
<!-- Copyright (c) 2009-2015 The MathJax Consortium -->
<meta http-equiv="Content-Type" content="text/html; charset=UTF-8" />
<meta http-equiv="X-UA-Compatible" content="IE=edge" />
<!-- VERY IMPORTANT SCRIPTS-->
<script type="text/x-mathjax-config">
MathJax.Hub.Config({
extensions: ["tex2jax.js"],
jax: ["input/TeX","output/HTML-CSS"],
tex2jax: {inlineMath: [["$","$"],["\(","\)"]]}
});
</script>
<script type="text/javascript" src="../MathJax.js">
MathJax.Hub.Config({
tex2jax: {
inlineMath: [['$','$'], ['\(','\)']],
processEscapes: true
}
});
</script>
</head>
<body><p>When $ a \ne 0 $ , there are two solutions to $ ( ax^2 + bx + c = 0 ) $ and they are</p>
<p>$ x ={ - b \pm \sqrt{ b^2 - 4ac} \over 2a} . $</p>
</body>
</html>
